<?xml version="1.0" encoding="UTF-8"?>
<testsuite xmlns:xsi="http://www.w3.org/2001/XMLSchema-instance" xsi:noNamespaceSchemaLocation="https://maven.apache.org/surefire/maven-surefire-plugin/xsd/surefire-test-report-3.0.xsd" version="3.0" name="Academy.BrowserTest" time="1.639" tests="1" errors="0" skipped="0" failures="0">
  <properties>
[...]
</properties>
  <testcase name="getData" classname="Academy.BrowserTest" time="1.631">
    <system-out><![CDATA[Hello Guys UPDATED 1234
Simon's Web page For Demonstration
]]></system-out>
  </testcase>
</testsuite>